<?xml version="1.0" encoding="UTF-8"?>
<testng-results skipped="0" failed="0" total="2" passed="2">
  <reporter-output>
  </reporter-output>
  <suite name="Default suite" duration-ms="45848" started-at="2020-01-22T09:24:30Z" finished-at="2020-01-22T09:25:16Z">
    <groups>
    </groups>
    <test name="Default test" duration-ms="45848" started-at="2020-01-22T09:24:30Z" finished-at="2020-01-22T09:25:16Z">
      <class name="com.vasu.testng.BranchCreationTest">
        <test-method status="PASS" signature="appLaunch()[pri:0, instance:com.vasu.testng.BranchCreationTest@6ad5c04e]" name="appLaunch" is-config="true" duration-ms="13382" started-at="2020-01-22T14:54:17Z" finished-at="2020-01-22T14:54:30Z">
          <reporter-output>
          </reporter-output>
        </test-method> <!-- appLaunch -->
        <test-method status="PASS" signature="appLogin()[pri:0, instance:com.vasu.testng.BranchCreationTest@6ad5c04e]" name="appLogin" is-config="true" duration-ms="2540" started-at="2020-01-22T14:54:30Z" finished-at="2020-01-22T14:54:33Z">
          <reporter-output>
          </reporter-output>
        </test-method> <!-- appLogin -->
        <test-method status="PASS" signature="branchCreation(java.lang.String, java.lang.String)[pri:0, instance:com.vasu.testng.BranchCreationTest@6ad5c04e]" name="branchCreation" duration-ms="22321" started-at="2020-01-22T14:54:33Z" data-provider="getData" finished-at="2020-01-22T14:54:55Z">
          <params>
            <param index="0">
              <value>
                <![CDATA[Selvasu342]]>
              </value>
            </param>
            <param index="1">
              <value>
                <![CDATA[Ameerpet]]>
              </value>
            </param>
          </params>
          <reporter-output>
          </reporter-output>
        </test-method> <!-- branchCreation -->
        <test-method status="PASS" signature="branchCreation(java.lang.String, java.lang.String)[pri:0, instance:com.vasu.testng.BranchCreationTest@6ad5c04e]" name="branchCreation" duration-ms="18338" started-at="2020-01-22T14:54:55Z" data-provider="getData" finished-at="2020-01-22T14:55:13Z">
          <params>
            <param index="0">
              <value>
                <![CDATA[Selvasu343]]>
              </value>
            </param>
            <param index="1">
              <value>
                <![CDATA[Ameerpet1]]>
              </value>
            </param>
          </params>
          <reporter-output>
          </reporter-output>
        </test-method> <!-- branchCreation -->
        <test-method status="PASS" signature="appLogout()[pri:0, instance:com.vasu.testng.BranchCreationTest@6ad5c04e]" name="appLogout" is-config="true" duration-ms="2624" started-at="2020-01-22T14:55:13Z" finished-at="2020-01-22T14:55:16Z">
          <reporter-output>
          </reporter-output>
        </test-method> <!-- appLogout -->
        <test-method status="PASS" signature="appClose()[pri:0, instance:com.vasu.testng.BranchCreationTest@6ad5c04e]" name="appClose" is-config="true" duration-ms="36" started-at="2020-01-22T14:55:16Z" finished-at="2020-01-22T14:55:16Z">
          <reporter-output>
          </reporter-output>
        </test-method> <!-- appClose -->
      </class> <!-- com.vasu.testng.BranchCreationTest -->
    </test> <!-- Default test -->
  </suite> <!-- Default suite -->
</testng-results>
