<?xml version="1.0" encoding="UTF-8"?>
<!-- Generated by org.testng.reporters.JUnitXMLReporter -->
<testsuite hostname="vasu-PC" name="Smoke" tests="8" failures="0" timestamp="20 Jan 2020 09:14:43 GMT" time="0.12" errors="0">
  <testcase name="method1" time="0.018" classname="com.vasu.testng.AnnotationTest1"/>
  <testcase name="method2" time="0.007" classname="com.vasu.testng.AnnotationTest1"/>
  <testcase name="method1" time="0.002" classname="com.vasu.testng.AnnotationTest2"/>
  <testcase name="method2" time="0.002" classname="com.vasu.testng.AnnotationTest2"/>
  <testcase name="sample" time="0.002" classname="com.vasu.testng.FirstTestNG"/>
  <testcase name="appClose" time="0.002" classname="com.vasu.testng.MultipleTestNgTest"/>
  <testcase name="appLogin" time="0.002" classname="com.vasu.testng.MultipleTestNgTest"/>
  <testcase name="appLaunch" time="0.001" classname="com.vasu.testng.MultipleTestNgTest"/>
</testsuite> <!-- Smoke -->
